\BOOKMARK [1][-]{section.1}{\376\377\225\356\230\230\221\315\217\360\116\016\225\356\230\230\121\163\174\373\122\006\147\220}{}% 1
\BOOKMARK [2][-]{subsection.1.1}{\376\377\225\356\230\230\200\314\146\157\221\315\217\360}{section.1}% 2
\BOOKMARK [2][-]{subsection.1.2}{\376\377\126\333\225\356\220\022\217\333\121\163\174\373}{section.1}% 3
\BOOKMARK [2][-]{subsection.1.3}{\376\377\147\054\230\230\214\003\136\246\147\054\215\050\142\275\214\141}{section.1}% 4
\BOOKMARK [2][-]{subsection.1.4}{\376\377\147\054\145\207\121\163\225\056\136\372\152\041\122\044\145\255}{section.1}% 5
\BOOKMARK [3][-]{subsubsection.1.4.1}{\376\377\122\044\145\255\116\000\377\032\137\305\230\173\221\307\165\050\135\345\136\217\176\247\136\372\152\041\200\014\227\136\217\146\225\364\176\247\136\372\152\041}{subsection.1.4}% 6
\BOOKMARK [3][-]{subsubsection.1.4.2}{\376\377\122\044\145\255\116\214\377\032\000P\0002\040\024\000P\0004\000\040\137\305\230\173\221\307\165\050\137\002\153\145\135\345\136\217\176\247\213\276\131\007\221\312\145\076\147\072\122\066}{subsection.1.4}% 7
\BOOKMARK [3][-]{subsubsection.1.4.3}{\376\377\122\044\145\255\116\011\377\032\225\356\230\230\126\333\166\204\150\070\137\303\146\057\000"\230\204\173\227\142\151\133\271\166\204\217\271\226\105\145\066\166\312\150\300\232\214\000"\200\014\227\136\000"\147\000\117\030\215\055\177\156\145\271\150\110\143\250\203\120\000"}{subsection.1.4}% 8
\BOOKMARK [1][-]{section.2}{\376\377\152\041\127\213\120\107\213\276\116\016\173\046\123\367\213\364\146\016}{}% 9
\BOOKMARK [2][-]{subsection.2.1}{\376\377\152\041\127\213\120\107\213\276}{section.2}% 10
\BOOKMARK [2][-]{subsection.2.2}{\376\377\173\046\123\367\213\364\146\016}{section.2}% 11
\BOOKMARK [3][-]{subsubsection.2.2.1}{\376\377\226\306\124\010\116\016\175\042\137\025}{subsection.2.2}% 12
\BOOKMARK [3][-]{subsubsection.2.2.2}{\376\377\123\302\145\160}{subsection.2.2}% 13
\BOOKMARK [3][-]{subsubsection.2.2.3}{\376\377\121\263\173\126\123\330\221\317}{subsection.2.2}% 14
\BOOKMARK [3][-]{subsubsection.2.2.4}{\376\377\173\046\123\367\117\177\165\050\211\304\122\031}{subsection.2.2}% 15
\BOOKMARK [1][-]{section.3}{\376\377\152\041\127\213\121\306\131\007\040\024\040\024\116\316\226\104\116\366\145\160\143\156\122\060\214\003\136\246\145\366\225\364\177\121\176\334}{}% 16
\BOOKMARK [2][-]{subsection.3.1}{\376\377\145\160\143\156\133\371\214\141\123\026}{section.3}% 17
\BOOKMARK [3][-]{subsubsection.3.1.1}{\376\377\217\146\225\364\040\024\135\345\136\217\224\376}{subsection.3.1}% 18
\BOOKMARK [3][-]{subsubsection.3.1.2}{\376\377\135\345\136\217\040\024\213\276\131\007\227\000\154\102}{subsection.3.1}% 19
\BOOKMARK [3][-]{subsubsection.3.1.3}{\376\377\213\276\131\007\215\104\156\220\154\140}{subsection.3.1}% 20
\BOOKMARK [3][-]{subsubsection.3.1.4}{\376\377\215\335\171\273\167\351\226\065}{subsection.3.1}% 21
\BOOKMARK [3][-]{subsubsection.3.1.5}{\376\377\116\367\150\074\117\341\140\157}{subsection.3.1}% 22
\BOOKMARK [2][-]{subsection.3.2}{\376\377\122\240\135\345\145\366\225\364\213\241\173\227}{section.3}% 23
\BOOKMARK [2][-]{subsection.3.3}{\376\377\217\154\217\320\145\366\225\364\213\241\173\227}{section.3}% 24
\BOOKMARK [2][-]{subsection.3.4}{\376\377\137\002\153\145\135\345\136\217\176\247\133\214\142\020\211\304\122\031}{section.3}% 25
\BOOKMARK [3][-]{subsubsection.3.4.1}{\376\377\225\356\230\230\166\204\143\320\121\372}{subsection.3.4}% 26
\BOOKMARK [3][-]{subsubsection.3.4.2}{\376\377\137\002\153\145\221\312\145\076\211\304\122\031\166\204\145\160\133\146\133\232\116\111}{subsection.3.4}% 27
\BOOKMARK [3][-]{subsubsection.3.4.3}{\376\377\116\016\124\014\153\145\211\304\122\031\166\204\133\371\153\324}{subsection.3.4}% 28
\BOOKMARK [2][-]{subsection.3.5}{\376\377\135\345\136\217\121\110\124\016\176\246\147\137}{section.3}% 29
\BOOKMARK [2][-]{subsection.3.6}{\376\377\213\276\131\007\215\357\137\204\217\154\217\320\176\246\147\137}{section.3}% 30
\BOOKMARK [3][-]{subsubsection.3.6.1}{\376\377\215\350\217\146\225\364\217\336\176\355\116\373\122\241}{subsection.3.6}% 31
\BOOKMARK [3][-]{subsubsection.3.6.2}{\376\377\231\226\153\041\217\154\217\320}{subsection.3.6}% 32
\BOOKMARK [3][-]{subsubsection.3.6.3}{\376\377\124\014\217\146\225\364\121\205\145\340\217\154\217\320}{subsection.3.6}% 33
\BOOKMARK [2][-]{subsection.3.7}{\376\377\121\163\225\056\124\175\230\230\377\032\137\002\153\145\221\312\145\076\211\304\122\031\166\204\124\010\164\006\140\047\213\301\146\016}{section.3}% 34
\BOOKMARK [3][-]{subsubsection.3.7.1}{\376\377\124\175\230\230\210\150\217\360}{subsection.3.7}% 35
\BOOKMARK [3][-]{subsubsection.3.7.2}{\376\377\135\345\202\172\133\214\145\164\140\047}{subsection.3.7}% 36
\BOOKMARK [3][-]{subsubsection.3.7.3}{\376\377\215\104\156\220\123\140\165\050\167\037\133\236\140\047}{subsection.3.7}% 37
\BOOKMARK [3][-]{subsubsection.3.7.4}{\376\377\145\160\133\146\123\357\133\236\163\260\140\047}{subsection.3.7}% 38
\BOOKMARK [3][-]{subsubsection.3.7.5}{\376\377\134\017\176\323}{subsection.3.7}% 39
\BOOKMARK [1][-]{section.4}{\376\377\176\337\116\000\000\040\000C\000P\000-\000S\000A\000T\000\040\214\003\136\246\152\041\127\213}{}% 40
\BOOKMARK [2][-]{subsection.4.1}{\376\377\121\263\173\126\123\330\221\317}{section.4}% 41
\BOOKMARK [2][-]{subsection.4.2}{\376\377\166\356\150\007\121\375\145\160}{section.4}% 42
\BOOKMARK [2][-]{subsection.4.3}{\376\377\176\246\147\137\176\304}{section.4}% 43
\BOOKMARK [3][-]{subsubsection.4.3.1}{\376\377\213\276\131\007\174\173\127\213\123\071\221\115\116\016\125\057\116\000\122\006\221\115}{subsection.4.3}% 44
\BOOKMARK [3][-]{subsubsection.4.3.2}{\376\377\213\276\131\007\123\302\116\016\143\007\171\072\116\016\122\240\135\345\145\366\225\364\176\246\147\137}{subsection.4.3}% 45
\BOOKMARK [3][-]{subsubsection.4.3.3}{\376\377\123\117\124\014\135\345\136\217\133\214\142\020\176\246\147\137}{subsection.4.3}% 46
\BOOKMARK [3][-]{subsubsection.4.3.4}{\376\377\217\146\225\364\121\205\220\350\135\345\136\217\224\376\176\246\147\137}{subsection.4.3}% 47
\BOOKMARK [3][-]{subsubsection.4.3.5}{\376\377\123\125\213\276\131\007\116\015\123\357\221\315\123\340\176\246\147\137}{subsection.4.3}% 48
\BOOKMARK [3][-]{subsubsection.4.3.6}{\376\377\213\276\131\007\231\226\116\373\122\241\217\154\217\320\176\246\147\137}{subsection.4.3}% 49
\BOOKMARK [3][-]{subsubsection.4.3.7}{\376\377\230\204\173\227\176\246\147\137}{subsection.4.3}% 50
\BOOKMARK [3][-]{subsubsection.4.3.8}{\376\377\215\055\177\156\124\016\215\104\156\220\154\140\146\364\145\260}{subsection.4.3}% 51
\BOOKMARK [2][-]{subsection.4.4}{\376\377\152\041\127\213\211\304\152\041\122\006\147\220}{section.4}% 52
\BOOKMARK [2][-]{subsection.4.5}{\376\377\147\000\117\030\140\047\122\044\143\156}{section.4}% 53
\BOOKMARK [3][-]{subsubsection.4.5.1}{\376\377\154\102\211\343\126\150\162\266\140\001}{subsection.4.5}% 54
\BOOKMARK [3][-]{subsubsection.4.5.2}{\376\377\147\000\117\030\140\047\213\301\146\016\116\011\211\201\175\040}{subsection.4.5}% 55
\BOOKMARK [3][-]{subsubsection.4.5.3}{\376\377\217\205\122\251\143\007\150\007}{subsection.4.5}% 56
\BOOKMARK [2][-]{subsection.4.6}{\376\377\126\333\225\356\152\041\127\213\162\171\123\026}{section.4}% 57
\BOOKMARK [3][-]{subsubsection.4.6.1}{\376\377\000P\0001\000\040\162\171\123\026}{subsection.4.6}% 58
\BOOKMARK [3][-]{subsubsection.4.6.2}{\376\377\000P\0002\000\040\162\171\123\026}{subsection.4.6}% 59
\BOOKMARK [3][-]{subsubsection.4.6.3}{\376\377\000P\0003\000\040\162\171\123\026}{subsection.4.6}% 60
\BOOKMARK [3][-]{subsubsection.4.6.4}{\376\377\000P\0004\000\040\162\171\123\026}{subsection.4.6}% 61
\BOOKMARK [2][-]{subsection.4.7}{\376\377\147\054\172\340\134\017\176\323}{section.4}% 62
\BOOKMARK [1][-]{section.5}{\376\377\154\102\211\343\150\106\147\266\116\016\173\227\154\325\155\101\172\013}{}% 63
\BOOKMARK [2][-]{subsection.5.1}{\376\377\145\164\117\123\154\102\211\343\150\106\147\266\151\202\217\360}{section.5}% 64
\BOOKMARK [2][-]{subsection.5.2}{\376\377\145\160\143\156\230\204\131\004\164\006\152\041\127\127}{section.5}% 65
\BOOKMARK [2][-]{subsection.5.3}{\376\377\000P\0001\000\040\154\102\211\343\155\101\172\013}{section.5}% 66
\BOOKMARK [3][-]{subsubsection.5.3.1}{\376\377\225\356\230\230\162\171\140\047\122\006\147\220}{subsection.5.3}% 67
\BOOKMARK [3][-]{subsubsection.5.3.2}{\376\377\000P\0001\000\040\154\102\211\343\173\227\154\325}{subsection.5.3}% 68
\BOOKMARK [3][-]{subsubsection.5.3.3}{\376\377\000P\0001\000\040\154\102\211\343\162\171\160\271}{subsection.5.3}% 69
\BOOKMARK [2][-]{subsection.5.4}{\376\377\000P\0002\000\040\154\102\211\343\155\101\172\013}{section.5}% 70
\BOOKMARK [3][-]{subsubsection.5.4.1}{\376\377\225\356\230\230\162\171\140\047\122\006\147\220}{subsection.5.4}% 71
\BOOKMARK [3][-]{subsubsection.5.4.2}{\376\377\000P\0002\000\040\154\102\211\343\173\227\154\325}{subsection.5.4}% 72
\BOOKMARK [3][-]{subsubsection.5.4.3}{\376\377\000P\0002\000\040\154\102\211\343\121\163\225\056\133\236\163\260}{subsection.5.4}% 73
\BOOKMARK [2][-]{subsection.5.5}{\376\377\000P\0003\000\040\154\102\211\343\155\101\172\013}{section.5}% 74
\BOOKMARK [3][-]{subsubsection.5.5.1}{\376\377\225\356\230\230\162\171\140\047\122\006\147\220}{subsection.5.5}% 75
\BOOKMARK [3][-]{subsubsection.5.5.2}{\376\377\000P\0003\000\040\154\102\211\343\173\227\154\325}{subsection.5.5}% 76
\BOOKMARK [3][-]{subsubsection.5.5.3}{\376\377\000P\0003\000\040\116\016\000\040\000P\0002\000\040\166\204\121\163\225\056\135\356\137\002}{subsection.5.5}% 77
\BOOKMARK [2][-]{subsection.5.6}{\376\377\000P\0004\000\040\116\044\226\066\153\265\135\114\131\127\154\102\211\343\150\106\147\266}{section.5}% 78
\BOOKMARK [3][-]{subsubsection.5.6.1}{\376\377\225\356\230\230\162\171\140\047\122\006\147\220}{subsection.5.6}% 79
\BOOKMARK [3][-]{subsubsection.5.6.2}{\376\377\123\357\210\114\215\055\177\156\172\172\225\364\122\006\147\220}{subsection.5.6}% 80
\BOOKMARK [3][-]{subsubsection.5.6.3}{\376\377\131\026\134\102\147\232\116\076\173\227\154\325}{subsection.5.6}% 81
\BOOKMARK [3][-]{subsubsection.5.6.4}{\376\377\121\205\134\102\000\040\000C\000P\000-\000S\000A\000T\000\040\154\102\211\343}{subsection.5.6}% 82
\BOOKMARK [3][-]{subsubsection.5.6.5}{\376\377\133\127\121\170\136\217\147\000\117\030\220\011\142\351\211\304\122\031}{subsection.5.6}% 83
\BOOKMARK [2][-]{subsection.5.7}{\376\377\154\102\211\343\123\302\145\160\221\115\177\156}{section.5}% 84
\BOOKMARK [3][-]{subsubsection.5.7.1}{\376\377\154\102\211\343\126\150\123\302\145\160\213\276\177\156}{subsection.5.7}% 85
\BOOKMARK [3][-]{subsubsection.5.7.2}{\376\377\000m\000a\000k\000e\000s\000p\000a\000n\000\040\116\012\165\114\000\040\000T\000_\000\040\166\204\213\276\133\232}{subsection.5.7}% 86
\BOOKMARK [3][-]{subsubsection.5.7.3}{\376\377\154\102\211\343\126\150\214\003\117\030\173\126\165\145}{subsection.5.7}% 87
\BOOKMARK [2][-]{subsection.5.8}{\376\377\173\227\154\325\131\015\147\102\136\246\122\006\147\220}{section.5}% 88
\BOOKMARK [3][-]{subsubsection.5.8.1}{\376\377\145\366\225\364\131\015\147\102\136\246}{subsection.5.8}% 89
\BOOKMARK [3][-]{subsubsection.5.8.2}{\376\377\172\172\225\364\131\015\147\102\136\246}{subsection.5.8}% 90
\BOOKMARK [2][-]{subsection.5.9}{\376\377\173\227\154\325\166\204\153\143\170\156\140\047\116\016\133\214\145\164\140\047\117\335\213\301}{section.5}% 91
\BOOKMARK [3][-]{subsubsection.5.9.1}{\376\377\176\246\147\137\133\214\145\164\140\047\150\300\147\345}{subsection.5.9}% 92
\BOOKMARK [3][-]{subsubsection.5.9.2}{\376\377\211\343\166\204\123\357\211\306\123\026\232\214\213\301}{subsection.5.9}% 93
\BOOKMARK [3][-]{subsubsection.5.9.3}{\376\377\147\000\117\030\140\047\116\244\123\311\232\214\213\301}{subsection.5.9}% 94
\BOOKMARK [2][-]{subsection.5.10}{\376\377\147\054\172\340\134\017\176\323}{section.5}% 95
\BOOKMARK [1][-]{section.6}{\376\377\225\356\230\230\116\000\377\032\000A\000\040\217\146\225\364\123\125\163\355\176\304\174\276\170\156\214\003\136\246}{}% 96
\BOOKMARK [2][-]{subsection.6.1}{\376\377\225\356\230\230\213\276\133\232\126\336\230\176}{section.6}% 97
\BOOKMARK [2][-]{subsection.6.2}{\376\377\000P\0001\000\040\176\246\147\137\176\304\133\214\145\164\210\150\217\360}{section.6}% 98
\BOOKMARK [3][-]{subsubsection.6.2.1}{\376\377\213\276\131\007\174\173\127\213\123\071\221\115\116\016\125\057\116\000\122\006\221\115}{subsection.6.2}% 99
\BOOKMARK [3][-]{subsubsection.6.2.2}{\376\377\122\240\135\345\145\366\225\364}{subsection.6.2}% 100
\BOOKMARK [3][-]{subsubsection.6.2.3}{\376\377\124\014\153\145\221\312\145\076\176\246\147\137}{subsection.6.2}% 101
\BOOKMARK [3][-]{subsubsection.6.2.4}{\376\377\135\345\136\217\224\376\176\246\147\137}{subsection.6.2}% 102
\BOOKMARK [3][-]{subsubsection.6.2.5}{\376\377\213\276\131\007\162\354\123\140\176\246\147\137}{subsection.6.2}% 103
\BOOKMARK [3][-]{subsubsection.6.2.6}{\376\377\166\356\150\007\121\375\145\160}{subsection.6.2}% 104
\BOOKMARK [2][-]{subsection.6.3}{\376\377\147\000\117\030\214\003\136\246\145\271\150\110\143\250\157\024}{section.6}% 105
\BOOKMARK [3][-]{subsubsection.6.3.1}{\376\377\173\054\116\000\153\145\377\032\000A\0001\000\040\135\345\136\217\213\276\131\007\220\011\142\351}{subsection.6.3}% 106
\BOOKMARK [3][-]{subsubsection.6.3.2}{\376\377\173\054\116\214\153\145\377\032\000A\0002\000\040\135\345\136\217\213\276\131\007\122\006\221\115}{subsection.6.3}% 107
\BOOKMARK [3][-]{subsubsection.6.3.3}{\376\377\173\054\116\011\153\145\377\032\000A\0003\000\040\135\345\136\217\143\250\157\024}{subsection.6.3}% 108
\BOOKMARK [3][-]{subsubsection.6.3.4}{\376\377\147\000\117\030\211\343\154\107\140\073}{subsection.6.3}% 109
\BOOKMARK [2][-]{subsection.6.4}{\376\377\147\000\117\030\140\047\213\301\146\016}{section.6}% 110
\BOOKMARK [3][-]{subsubsection.6.4.1}{\376\377\121\163\225\056\215\357\137\204\122\006\147\220}{subsection.6.4}% 111
\BOOKMARK [3][-]{subsubsection.6.4.2}{\376\377\154\102\211\343\126\150\147\000\117\030\140\047\213\301\146\016}{subsection.6.4}% 112
\BOOKMARK [3][-]{subsubsection.6.4.3}{\376\377\164\006\213\272\147\000\117\030\140\047\166\204\162\354\172\313\232\214\213\301}{subsection.6.4}% 113
\BOOKMARK [2][-]{subsection.6.5}{\376\377\145\117\141\037\140\047\122\006\147\220}{section.6}% 114
\BOOKMARK [3][-]{subsubsection.6.5.1}{\376\377\137\002\153\145\221\312\145\076\166\204\164\006\213\272\137\161\124\315}{subsection.6.5}% 115
\BOOKMARK [3][-]{subsubsection.6.5.2}{\376\377\164\366\230\210\213\276\131\007\122\006\147\220}{subsection.6.5}% 116
\BOOKMARK [2][-]{subsection.6.6}{\376\377\000P\0001\000\040\211\343\166\204\177\026\170\001\211\304\203\003}{section.6}% 117
\BOOKMARK [3][-]{subsubsection.6.6.1}{\376\377\121\263\173\126\123\330\221\317\147\000\176\310\123\326\120\074}{subsection.6.6}% 118
\BOOKMARK [3][-]{subsubsection.6.6.2}{\376\377\213\276\131\007\145\366\225\364\123\140\165\050\146\016\176\306}{subsection.6.6}% 119
\BOOKMARK [2][-]{subsection.6.7}{\376\377\147\054\172\340\134\017\176\323}{section.6}% 120
\BOOKMARK [1][-]{section.7}{\376\377\225\356\230\230\116\214\377\032\123\125\163\355\176\304\116\224\217\146\225\364\137\002\153\145\000\040\000C\000P\000-\000S\000A\000T\000\040\214\003\136\246}{}% 121
\BOOKMARK [1][-]{section.8}{\376\377\225\356\230\230\213\276\133\232\126\336\230\176}{}% 122
\BOOKMARK [1][-]{section.9}{\376\377\000P\0002\000\040\152\041\127\213\147\204\136\372}{}% 123
\BOOKMARK [2][-]{subsection.9.1}{\376\377\121\263\173\126\123\330\221\317}{section.9}% 124
\BOOKMARK [2][-]{subsection.9.2}{\376\377\122\240\135\345\145\366\225\364\123\302\145\160}{section.9}% 125
\BOOKMARK [2][-]{subsection.9.3}{\376\377\217\154\217\320\145\366\225\364\123\302\145\160}{section.9}% 126
\BOOKMARK [2][-]{subsection.9.4}{\376\377\213\276\131\007\174\173\127\213\123\071\221\115\176\246\147\137}{section.9}% 127
\BOOKMARK [2][-]{subsection.9.5}{\376\377\137\002\153\145\221\312\145\076\176\246\147\137}{section.9}% 128
\BOOKMARK [1][-]{section.10}{\376\377\000P\0002\000\040\121\163\225\056\214\003\136\246\147\072\122\066}{}% 129
\BOOKMARK [2][-]{subsection.10.1}{\376\377\215\350\217\146\225\364\213\276\131\007\155\101\217\154}{section.10}% 130
\BOOKMARK [2][-]{subsection.10.2}{\376\377\213\276\131\007\122\051\165\050\145\110\163\207\122\006\147\220}{section.10}% 131
\BOOKMARK [1][-]{section.11}{\376\377\000P\0002\000\040\154\102\211\343\176\323\147\234}{}% 132
\BOOKMARK [2][-]{subsection.11.1}{\376\377\154\102\211\343\217\307\172\013\151\202\217\360}{section.11}% 133
\BOOKMARK [2][-]{subsection.11.2}{\376\377\154\102\211\343\126\150\162\266\140\001}{section.11}% 134
\BOOKMARK [2][-]{subsection.11.3}{\376\377\147\000\117\030\000\040\000m\000a\000k\000e\000s\000p\000a\000n}{section.11}% 135
\BOOKMARK [2][-]{subsection.11.4}{\376\377\124\004\217\146\225\364\133\214\135\345\145\366\122\073}{section.11}% 136
\BOOKMARK [1][-]{section.12}{\376\377\147\000\117\030\214\003\136\246\145\271\150\110\213\346\217\360}{}% 137
\BOOKMARK [2][-]{subsection.12.1}{\376\377\213\276\131\007\122\006\221\115\145\271\150\110}{section.12}% 138
\BOOKMARK [2][-]{subsection.12.2}{\376\377\121\163\225\056\215\357\137\204\122\006\147\220}{section.12}% 139
\BOOKMARK [2][-]{subsection.12.3}{\376\377\137\002\153\145\221\312\145\076\166\204\214\003\136\246\145\066\166\312}{section.12}% 140
\BOOKMARK [1][-]{section.13}{\376\377\147\000\117\030\140\047\213\301\146\016}{}% 141
\BOOKMARK [2][-]{subsection.13.1}{\376\377\154\102\211\343\126\150\147\000\117\030\140\047\122\044\143\156}{section.13}% 142
\BOOKMARK [2][-]{subsection.13.2}{\376\377\164\006\213\272\116\013\165\114\133\371\153\324}{section.13}% 143
\BOOKMARK [2][-]{subsection.13.3}{\376\377\165\030\162\171\126\376\232\214\213\301}{section.13}% 144
\BOOKMARK [1][-]{section.14}{\376\377\000P\0001\000\040\116\016\000\040\000P\0002\000\040\166\204\133\371\153\324\122\006\147\220}{}% 145
\BOOKMARK [2][-]{subsection.14.1}{\376\377\000m\000a\000k\000e\000s\000p\000a\000n\000\040\133\371\153\324}{section.14}% 146
\BOOKMARK [2][-]{subsection.14.2}{\376\377\000P\0002\000\040\166\370\133\371\116\216\000\040\000P\0001\000\040\166\204\145\071\217\333\147\072\122\066}{section.14}% 147
\BOOKMARK [2][-]{subsection.14.3}{\376\377\000P\0002\000\040\214\003\136\246\131\015\147\102\136\246\122\006\147\220}{section.14}% 148
\BOOKMARK [1][-]{section.15}{\376\377\147\054\172\340\134\017\176\323}{}% 149
\BOOKMARK [1][-]{section.16}{\376\377\225\356\230\230\116\011\377\032\123\314\163\355\176\304\176\337\116\000\215\104\156\220\154\140\123\117\124\014\214\003\136\246}{}% 150
\BOOKMARK [1][-]{section.17}{\376\377\225\356\230\230\213\276\133\232\126\336\230\176}{}% 151
\BOOKMARK [1][-]{section.18}{\376\377\000P\0003\000\040\152\041\127\213\147\204\136\372}{}% 152
\BOOKMARK [2][-]{subsection.18.1}{\376\377\121\263\173\126\123\330\221\317}{section.18}% 153
\BOOKMARK [2][-]{subsection.18.2}{\376\377\213\276\131\007\174\173\127\213\123\071\221\115\176\246\147\137}{section.18}% 154
\BOOKMARK [2][-]{subsection.18.3}{\376\377\231\226\153\041\217\154\217\320\166\204\163\355\176\304\135\356\137\002\123\026\131\004\164\006}{section.18}% 155
\BOOKMARK [2][-]{subsection.18.4}{\376\377\213\276\131\007\162\354\123\140\176\246\147\137\377\010\124\053\123\314\163\355\176\304\231\226\153\041\217\154\217\320\377\011}{section.18}% 156
\BOOKMARK [1][-]{section.19}{\376\377\000P\0003\000\040\166\370\133\371\116\216\000\040\000P\0002\000\040\166\204\121\163\225\056\145\071\217\333\147\072\122\066}{}% 157
\BOOKMARK [2][-]{subsection.19.1}{\376\377\164\366\230\210\177\023\211\343\145\110\136\224}{section.19}% 158
\BOOKMARK [2][-]{subsection.19.2}{\376\377\123\314\163\355\176\304\123\117\124\014\214\003\136\246\166\204\214\003\136\246\201\352\165\061\136\246\122\006\147\220}{section.19}% 159
\BOOKMARK [2][-]{subsection.19.3}{\376\377\231\226\153\041\217\154\217\320\135\356\137\002\123\026\166\204\137\161\124\315}{section.19}% 160
\BOOKMARK [1][-]{section.20}{\376\377\000P\0003\000\040\154\102\211\343\217\307\172\013}{}% 161
\BOOKMARK [2][-]{subsection.20.1}{\376\377\152\041\127\213\147\204\136\372\155\101\172\013}{section.20}% 162
\BOOKMARK [2][-]{subsection.20.2}{\376\377\154\102\211\343\126\150\123\302\145\160}{section.20}% 163
\BOOKMARK [2][-]{subsection.20.3}{\376\377\154\102\211\343\217\307\172\013\213\260\137\125}{section.20}% 164
\BOOKMARK [1][-]{section.21}{\376\377\000P\0003\000\040\154\102\211\343\176\323\147\234}{}% 165
\BOOKMARK [2][-]{subsection.21.1}{\376\377\154\102\211\343\126\150\162\266\140\001}{section.21}% 166
\BOOKMARK [2][-]{subsection.21.2}{\376\377\147\000\117\030\000\040\000m\000a\000k\000e\000s\000p\000a\000n}{section.21}% 167
\BOOKMARK [2][-]{subsection.21.3}{\376\377\124\004\217\146\225\364\133\214\135\345\145\366\122\073}{section.21}% 168
\BOOKMARK [1][-]{section.22}{\376\377\147\000\117\030\214\003\136\246\145\271\150\110\213\346\217\360}{}% 169
\BOOKMARK [2][-]{subsection.22.1}{\376\377\213\276\131\007\122\006\221\115\145\271\150\110}{section.22}% 170
\BOOKMARK [2][-]{subsection.22.2}{\376\377\000A\000S\000M\000\040\123\314\213\276\131\007\116\373\122\241\122\006\221\115}{section.22}% 171
\BOOKMARK [2][-]{subsection.22.3}{\376\377\000H\000P\000M\000\040\123\314\213\276\131\007\116\373\122\241\122\006\221\115}{section.22}% 172
\BOOKMARK [1][-]{section.23}{\376\377\147\000\117\030\140\047\213\301\146\016}{}% 173
\BOOKMARK [2][-]{subsection.23.1}{\376\377\154\102\211\343\126\150\147\000\117\030\140\047\122\044\143\156}{section.23}% 174
\BOOKMARK [2][-]{subsection.23.2}{\376\377\164\006\213\272\116\013\165\114\122\006\147\220}{section.23}% 175
\BOOKMARK [2][-]{subsection.23.3}{\376\377\165\030\162\171\126\376\232\214\213\301}{section.23}% 176
\BOOKMARK [1][-]{section.24}{\376\377\000P\0001\060\001\000P\0002\060\001\000P\0003\000\040\116\011\134\102\133\371\153\324\122\006\147\220}{}% 177
\BOOKMARK [2][-]{subsection.24.1}{\376\377\000m\000a\000k\000e\000s\000p\000a\000n\000\040\133\371\153\324}{section.24}% 178
\BOOKMARK [2][-]{subsection.24.2}{\376\377\145\071\217\333\147\072\122\066\140\073\176\323}{section.24}% 179
\BOOKMARK [2][-]{subsection.24.3}{\376\377\000P\0003\000\040\145\066\166\312\122\006\147\220}{section.24}% 180
\BOOKMARK [1][-]{section.25}{\376\377\147\054\172\340\134\017\176\323}{}% 181
\BOOKMARK [1][-]{section.26}{\376\377\176\323\147\234\140\073\154\107\116\016\147\000\117\030\140\047\213\301\146\016}{}% 182
\BOOKMARK [1][-]{section.27}{\376\377\140\073\117\123\176\323\147\234\151\202\211\310}{}% 183
\BOOKMARK [1][-]{section.28}{\376\377\122\006\133\120\225\356\230\230\213\346\176\306\176\323\147\234}{}% 184
\BOOKMARK [2][-]{subsection.28.1}{\376\377\225\356\230\230\116\000\377\010\000P\0001\377\011\176\323\147\234}{section.28}% 185
\BOOKMARK [2][-]{subsection.28.2}{\376\377\225\356\230\230\116\214\377\010\000P\0002\377\011\176\323\147\234}{section.28}% 186
\BOOKMARK [2][-]{subsection.28.3}{\376\377\225\356\230\230\116\011\377\010\000P\0003\377\011\176\323\147\234}{section.28}% 187
\BOOKMARK [2][-]{subsection.28.4}{\376\377\225\356\230\230\126\333\377\010\000P\0004\377\011\176\323\147\234}{section.28}% 188
\BOOKMARK [1][-]{section.29}{\376\377\147\000\117\030\140\047\213\301\146\016\117\123\174\373}{}% 189
\BOOKMARK [2][-]{subsection.29.1}{\376\377\147\000\117\030\140\047\213\301\146\016\145\271\154\325\213\272}{section.29}% 190
\BOOKMARK [2][-]{subsection.29.2}{\376\377\122\044\143\156\000\040\000I\377\032\154\102\211\343\126\150\121\205\220\350\147\000\117\030\140\047\122\044\143\156}{section.29}% 191
\BOOKMARK [2][-]{subsection.29.3}{\376\377\122\044\143\156\000\040\000I\000I\377\032\164\006\213\272\116\013\165\114\133\371\153\324}{section.29}% 192
\BOOKMARK [3][-]{subsubsection.29.3.1}{\376\377\000P\0001\000\040\166\204\164\006\213\272\116\013\165\114}{subsection.29.3}% 193
\BOOKMARK [3][-]{subsubsection.29.3.2}{\376\377\000P\0002\000\040\166\204\164\006\213\272\116\013\165\114}{subsection.29.3}% 194
\BOOKMARK [3][-]{subsubsection.29.3.3}{\376\377\000P\0003\000\040\166\204\164\006\213\272\116\013\165\114}{subsection.29.3}% 195
\BOOKMARK [3][-]{subsubsection.29.3.4}{\376\377\000P\0004\000\040\166\204\164\006\213\272\116\013\165\114}{subsection.29.3}% 196
\BOOKMARK [2][-]{subsection.29.4}{\376\377\122\044\143\156\000\040\000I\000I\000I\377\032\154\102\211\343\217\307\172\013\166\204\116\015\123\357\145\071\217\333\140\047}{section.29}% 197
\BOOKMARK [1][-]{section.30}{\376\377\000P\0001\000\040\147\000\117\030\140\047\213\346\211\343}{}% 198
\BOOKMARK [2][-]{subsection.30.1}{\376\377\147\000\117\030\140\047\133\214\145\164\213\301\146\016}{section.30}% 199
\BOOKMARK [2][-]{subsection.30.2}{\376\377\000P\0001\000\040\147\000\117\030\211\343\125\057\116\000\140\047\213\250\213\272}{section.30}% 200
\BOOKMARK [1][-]{section.31}{\376\377\000P\0002\000\040\147\000\117\030\140\047\213\346\211\343}{}% 201
\BOOKMARK [2][-]{subsection.31.1}{\376\377\147\000\117\030\140\047\133\214\145\164\213\301\146\016}{section.31}% 202
\BOOKMARK [2][-]{subsection.31.2}{\376\377\000P\0002\000\040\121\163\225\056\215\357\137\204\122\006\147\220}{section.31}% 203
\BOOKMARK [1][-]{section.32}{\376\377\000P\0003\000\040\147\000\117\030\140\047\213\346\211\343}{}% 204
\BOOKMARK [2][-]{subsection.32.1}{\376\377\147\000\117\030\140\047\133\214\145\164\213\301\146\016}{section.32}% 205
\BOOKMARK [2][-]{subsection.32.2}{\376\377\000P\0003\000\040\166\370\133\371\116\216\000\040\000P\0002\000\040\166\204\147\000\117\030\145\071\125\204}{section.32}% 206
\BOOKMARK [2][-]{subsection.32.3}{\376\377\000P\0003\000\040\145\071\125\204\166\204\176\323\147\204\140\047\147\145\156\220}{section.32}% 207
\BOOKMARK [1][-]{section.33}{\376\377\000P\0004\000\040\147\000\117\030\140\047\213\346\211\343}{}% 208
\BOOKMARK [2][-]{subsection.33.1}{\376\377\147\000\117\030\140\047\133\214\145\164\213\301\146\016}{section.33}% 209
\BOOKMARK [2][-]{subsection.33.2}{\376\377\000P\0004\000\040\166\370\133\371\116\216\000\040\000P\0003\000\040\166\204\136\025\175\057\142\130\117\030\122\277}{section.33}% 210
\BOOKMARK [2][-]{subsection.33.3}{\376\377\230\204\173\227\145\117\141\037\140\047\122\006\147\220}{section.33}% 211
\BOOKMARK [1][-]{section.34}{\376\377\121\150\134\100\133\371\153\324\116\016\215\213\122\277\122\006\147\220}{}% 212
\BOOKMARK [2][-]{subsection.34.1}{\376\377\000M\000a\000k\000e\000s\000p\000a\000n\000\040\157\024\123\026\215\213\122\277}{section.34}% 213
\BOOKMARK [2][-]{subsection.34.2}{\376\377\164\366\230\210\213\276\131\007\122\051\165\050\145\110\163\207}{section.34}% 214
\BOOKMARK [1][-]{section.35}{\376\377\116\343\170\001\116\016\176\323\147\234\131\015\163\260\143\007\123\127}{}% 215
\BOOKMARK [2][-]{subsection.35.1}{\376\377\116\343\170\001\176\323\147\204}{section.35}% 216
\BOOKMARK [2][-]{subsection.35.2}{\376\377\217\320\210\114\145\271\137\017}{section.35}% 217
\BOOKMARK [2][-]{subsection.35.3}{\376\377\176\323\147\234\232\214\213\301}{section.35}% 218
\BOOKMARK [1][-]{section.36}{\376\377\147\054\172\340\134\017\176\323}{}% 219
\BOOKMARK [1][-]{Item.62}{\376\377\123\302\200\003\145\207\163\056}{}% 220
